mode: set
github.com/kweaver-ai/dsg/services/apps/standardization-backend/api/internal/logic/dict/add_dict_relation_logic.go:24.101,30.2 1 0
github.com/kweaver-ai/dsg/services/apps/standardization-backend/api/internal/logic/dict/add_dict_relation_logic.go:32.127,35.16 2 0
github.com/kweaver-ai/dsg/services/apps/standardization-backend/api/internal/logic/dict/add_dict_relation_logic.go:35.16,37.3 1 0
github.com/kweaver-ai/dsg/services/apps/standardization-backend/api/internal/logic/dict/add_dict_relation_logic.go:40.2,40.81 1 0
github.com/kweaver-ai/dsg/services/apps/standardization-backend/api/internal/logic/dict/add_dict_relation_logic.go:40.81,43.3 1 0
github.com/kweaver-ai/dsg/services/apps/standardization-backend/api/internal/logic/dict/add_dict_relation_logic.go:46.2,46.27 1 0
github.com/kweaver-ai/dsg/services/apps/standardization-backend/api/internal/logic/dict/add_dict_relation_logic.go:46.27,48.39 2 0
github.com/kweaver-ai/dsg/services/apps/standardization-backend/api/internal/logic/dict/add_dict_relation_logic.go:48.39,54.4 1 0
github.com/kweaver-ai/dsg/services/apps/standardization-backend/api/internal/logic/dict/add_dict_relation_logic.go:55.3,55.86 1 0
github.com/kweaver-ai/dsg/services/apps/standardization-backend/api/internal/logic/dict/add_dict_relation_logic.go:55.86,58.4 2 0
github.com/kweaver-ai/dsg/services/apps/standardization-backend/api/internal/logic/dict/add_dict_relation_logic.go:61.2,62.85 2 0
github.com/kweaver-ai/dsg/services/apps/standardization-backend/api/internal/logic/dict/batch_delete_dict_logic.go:23.101,29.2 1 0
github.com/kweaver-ai/dsg/services/apps/standardization-backend/api/internal/logic/dict/batch_delete_dict_logic.go:31.104,36.13 2 0
github.com/kweaver-ai/dsg/services/apps/standardization-backend/api/internal/logic/dict/batch_delete_dict_logic.go:36.13,38.3 1 0
github.com/kweaver-ai/dsg/services/apps/standardization-backend/api/internal/logic/dict/batch_delete_dict_logic.go:41.2,42.16 2 0
github.com/kweaver-ai/dsg/services/apps/standardization-backend/api/internal/logic/dict/batch_delete_dict_logic.go:42.16,44.3 1 0
github.com/kweaver-ai/dsg/services/apps/standardization-backend/api/internal/logic/dict/batch_delete_dict_logic.go:47.2,47.61 1 0
github.com/kweaver-ai/dsg/services/apps/standardization-backend/api/internal/logic/dict/batch_delete_dict_logic.go:47.61,50.3 2 0
github.com/kweaver-ai/dsg/services/apps/standardization-backend/api/internal/logic/dict/batch_delete_dict_logic.go:53.2,53.73 1 0
github.com/kweaver-ai/dsg/services/apps/standardization-backend/api/internal/logic/dict/batch_delete_dict_logic.go:53.73,56.3 1 0
github.com/kweaver-ai/dsg/services/apps/standardization-backend/api/internal/logic/dict/batch_delete_dict_logic.go:59.2,59.81 1 0
github.com/kweaver-ai/dsg/services/apps/standardization-backend/api/internal/logic/dict/batch_delete_dict_logic.go:59.81,62.3 1 0
github.com/kweaver-ai/dsg/services/apps/standardization-backend/api/internal/logic/dict/batch_delete_dict_logic.go:64.2,65.73 2 0
github.com/kweaver-ai/dsg/services/apps/standardization-backend/api/internal/logic/dict/common.go:18.13,20.2 1 0
github.com/kweaver-ai/dsg/services/apps/standardization-backend/api/internal/logic/dict/common.go:23.36,26.2 2 0
github.com/kweaver-ai/dsg/services/apps/standardization-backend/api/internal/logic/dict/common.go:29.37,30.23 1 0
github.com/kweaver-ai/dsg/services/apps/standardization-backend/api/internal/logic/dict/common.go:30.23,32.3 1 0
github.com/kweaver-ai/dsg/services/apps/standardization-backend/api/internal/logic/dict/common.go:33.2,33.10 1 0
github.com/kweaver-ai/dsg/services/apps/standardization-backend/api/internal/logic/dict/common.go:37.37,38.16 1 0
github.com/kweaver-ai/dsg/services/apps/standardization-backend/api/internal/logic/dict/common.go:38.16,40.3 1 0
github.com/kweaver-ai/dsg/services/apps/standardization-backend/api/internal/logic/dict/common.go:41.2,41.18 1 0
github.com/kweaver-ai/dsg/services/apps/standardization-backend/api/internal/logic/dict/common.go:45.39,46.19 1 0
github.com/kweaver-ai/dsg/services/apps/standardization-backend/api/internal/logic/dict/common.go:46.19,48.3 1 0
github.com/kweaver-ai/dsg/services/apps/standardization-backend/api/internal/logic/dict/common.go:50.2,50.16 1 0
github.com/kweaver-ai/dsg/services/apps/standardization-backend/api/internal/logic/dict/common.go:54.163,76.2 1 0
github.com/kweaver-ai/dsg/services/apps/standardization-backend/api/internal/logic/dict/common.go:79.71,81.29 2 0
github.com/kweaver-ai/dsg/services/apps/standardization-backend/api/internal/logic/dict/common.go:81.29,87.3 1 0
github.com/kweaver-ai/dsg/services/apps/standardization-backend/api/internal/logic/dict/common.go:88.2,88.15 1 0
github.com/kweaver-ai/dsg/services/apps/standardization-backend/api/internal/logic/dict/common.go:92.37,93.16 1 0
github.com/kweaver-ai/dsg/services/apps/standardization-backend/api/internal/logic/dict/common.go:93.16,95.3 1 0
github.com/kweaver-ai/dsg/services/apps/standardization-backend/api/internal/logic/dict/common.go:96.2,96.40 1 0
github.com/kweaver-ai/dsg/services/apps/standardization-backend/api/internal/logic/dict/common.go:101.41,102.16 1 0
github.com/kweaver-ai/dsg/services/apps/standardization-backend/api/internal/logic/dict/common.go:102.16,104.3 1 0
github.com/kweaver-ai/dsg/services/apps/standardization-backend/api/internal/logic/dict/common.go:105.2,106.28 2 0
github.com/kweaver-ai/dsg/services/apps/standardization-backend/api/internal/logic/dict/common.go:110.87,112.35 2 0
github.com/kweaver-ai/dsg/services/apps/standardization-backend/api/internal/logic/dict/common.go:112.35,114.3 1 0
github.com/kweaver-ai/dsg/services/apps/standardization-backend/api/internal/logic/dict/common.go:115.2,115.12 1 0
github.com/kweaver-ai/dsg/services/apps/standardization-backend/api/internal/logic/dict/common.go:119.108,121.56 2 0
github.com/kweaver-ai/dsg/services/apps/standardization-backend/api/internal/logic/dict/common.go:121.56,123.3 1 0
github.com/kweaver-ai/dsg/services/apps/standardization-backend/api/internal/logic/dict/common.go:124.2,124.12 1 0
github.com/kweaver-ai/dsg/services/apps/standardization-backend/api/internal/logic/dict/common.go:128.87,130.35 2 0
github.com/kweaver-ai/dsg/services/apps/standardization-backend/api/internal/logic/dict/common.go:130.35,132.3 1 0
github.com/kweaver-ai/dsg/services/apps/standardization-backend/api/internal/logic/dict/common.go:133.2,133.12 1 0
github.com/kweaver-ai/dsg/services/apps/standardization-backend/api/internal/logic/dict/common.go:137.108,139.56 2 0
github.com/kweaver-ai/dsg/services/apps/standardization-backend/api/internal/logic/dict/common.go:139.56,141.3 1 0
github.com/kweaver-ai/dsg/services/apps/standardization-backend/api/internal/logic/dict/common.go:142.2,142.12 1 0
github.com/kweaver-ai/dsg/services/apps/standardization-backend/api/internal/logic/dict/common.go:146.59,148.29 2 0
github.com/kweaver-ai/dsg/services/apps/standardization-backend/api/internal/logic/dict/common.go:148.29,149.22 1 0
github.com/kweaver-ai/dsg/services/apps/standardization-backend/api/internal/logic/dict/common.go:149.22,151.4 1 0
github.com/kweaver-ai/dsg/services/apps/standardization-backend/api/internal/logic/dict/common.go:152.3,152.23 1 0
github.com/kweaver-ai/dsg/services/apps/standardization-backend/api/internal/logic/dict/common.go:152.23,154.4 1 0
github.com/kweaver-ai/dsg/services/apps/standardization-backend/api/internal/logic/dict/common.go:155.3,155.25 1 0
github.com/kweaver-ai/dsg/services/apps/standardization-backend/api/internal/logic/dict/common.go:155.25,157.4 1 0
github.com/kweaver-ai/dsg/services/apps/standardization-backend/api/internal/logic/dict/common.go:158.3,158.28 1 0
github.com/kweaver-ai/dsg/services/apps/standardization-backend/api/internal/logic/dict/common.go:160.2,160.12 1 0
github.com/kweaver-ai/dsg/services/apps/standardization-backend/api/internal/logic/dict/common.go:164.60,165.24 1 0
github.com/kweaver-ai/dsg/services/apps/standardization-backend/api/internal/logic/dict/common.go:165.24,166.38 1 0
github.com/kweaver-ai/dsg/services/apps/standardization-backend/api/internal/logic/dict/common.go:166.38,168.4 1 0
github.com/kweaver-ai/dsg/services/apps/standardization-backend/api/internal/logic/dict/common.go:169.3,169.32 1 0
github.com/kweaver-ai/dsg/services/apps/standardization-backend/api/internal/logic/dict/common.go:169.32,171.4 1 0
github.com/kweaver-ai/dsg/services/apps/standardization-backend/api/internal/logic/dict/common.go:173.2,173.12 1 0
github.com/kweaver-ai/dsg/services/apps/standardization-backend/api/internal/logic/dict/common.go:178.118,179.25 1 0
github.com/kweaver-ai/dsg/services/apps/standardization-backend/api/internal/logic/dict/common.go:180.27,186.41 1 0
github.com/kweaver-ai/dsg/services/apps/standardization-backend/api/internal/logic/dict/common.go:186.41,188.4 1 0
github.com/kweaver-ai/dsg/services/apps/standardization-backend/api/internal/logic/dict/common.go:191.3,191.21 1 0
github.com/kweaver-ai/dsg/services/apps/standardization-backend/api/internal/logic/dict/common.go:191.21,193.4 1 0
github.com/kweaver-ai/dsg/services/apps/standardization-backend/api/internal/logic/dict/common.go:195.3,195.26 1 0
github.com/kweaver-ai/dsg/services/apps/standardization-backend/api/internal/logic/dict/common.go:195.26,197.4 1 0
github.com/kweaver-ai/dsg/services/apps/standardization-backend/api/internal/logic/dict/common.go:199.2,199.14 1 0
github.com/kweaver-ai/dsg/services/apps/standardization-backend/api/internal/logic/dict/common.go:204.45,207.2 1 0
github.com/kweaver-ai/dsg/services/apps/standardization-backend/api/internal/logic/dict/common.go:211.50,214.2 1 0
github.com/kweaver-ai/dsg/services/apps/standardization-backend/api/internal/logic/dict/common.go:218.45,221.2 1 0
github.com/kweaver-ai/dsg/services/apps/standardization-backend/api/internal/logic/dict/common.go:225.68,228.2 1 0
github.com/kweaver-ai/dsg/services/apps/standardization-backend/api/internal/logic/dict/common.go:232.69,235.2 1 0
github.com/kweaver-ai/dsg/services/apps/standardization-backend/api/internal/logic/dict/common.go:238.48,240.2 1 0
github.com/kweaver-ai/dsg/services/apps/standardization-backend/api/internal/logic/dict/create_dict_logic.go:24.91,30.2 1 0
github.com/kweaver-ai/dsg/services/apps/standardization-backend/api/internal/logic/dict/create_dict_logic.go:32.96,34.25 1 0
github.com/kweaver-ai/dsg/services/apps/standardization-backend/api/internal/logic/dict/create_dict_logic.go:34.25,36.3 1 0
github.com/kweaver-ai/dsg/services/apps/standardization-backend/api/internal/logic/dict/create_dict_logic.go:40.2,40.87 1 0
github.com/kweaver-ai/dsg/services/apps/standardization-backend/api/internal/logic/dict/create_dict_logic.go:40.87,42.3 1 0
github.com/kweaver-ai/dsg/services/apps/standardization-backend/api/internal/logic/dict/create_dict_logic.go:45.2,45.87 1 0
github.com/kweaver-ai/dsg/services/apps/standardization-backend/api/internal/logic/dict/create_dict_logic.go:45.87,47.3 1 0
github.com/kweaver-ai/dsg/services/apps/standardization-backend/api/internal/logic/dict/create_dict_logic.go:50.2,50.56 1 0
github.com/kweaver-ai/dsg/services/apps/standardization-backend/api/internal/logic/dict/create_dict_logic.go:50.56,52.3 1 0
github.com/kweaver-ai/dsg/services/apps/standardization-backend/api/internal/logic/dict/create_dict_logic.go:55.2,76.16 5 0
github.com/kweaver-ai/dsg/services/apps/standardization-backend/api/internal/logic/dict/create_dict_logic.go:76.16,79.3 2 0
github.com/kweaver-ai/dsg/services/apps/standardization-backend/api/internal/logic/dict/create_dict_logic.go:82.2,82.33 1 0
github.com/kweaver-ai/dsg/services/apps/standardization-backend/api/internal/logic/dict/create_dict_logic.go:82.33,89.75 2 0
github.com/kweaver-ai/dsg/services/apps/standardization-backend/api/internal/logic/dict/create_dict_logic.go:89.75,92.4 2 0
github.com/kweaver-ai/dsg/services/apps/standardization-backend/api/internal/logic/dict/create_dict_logic.go:96.2,96.27 1 0
github.com/kweaver-ai/dsg/services/apps/standardization-backend/api/internal/logic/dict/create_dict_logic.go:96.27,98.39 2 0
github.com/kweaver-ai/dsg/services/apps/standardization-backend/api/internal/logic/dict/create_dict_logic.go:98.39,104.4 1 0
github.com/kweaver-ai/dsg/services/apps/standardization-backend/api/internal/logic/dict/create_dict_logic.go:105.3,105.86 1 0
github.com/kweaver-ai/dsg/services/apps/standardization-backend/api/internal/logic/dict/create_dict_logic.go:105.86,108.4 2 0
github.com/kweaver-ai/dsg/services/apps/standardization-backend/api/internal/logic/dict/create_dict_logic.go:112.2,120.21 7 0
github.com/kweaver-ai/dsg/services/apps/standardization-backend/api/internal/logic/dict/delete_dict_logic.go:23.91,29.2 1 0
github.com/kweaver-ai/dsg/services/apps/standardization-backend/api/internal/logic/dict/delete_dict_logic.go:31.94,34.16 2 0
github.com/kweaver-ai/dsg/services/apps/standardization-backend/api/internal/logic/dict/delete_dict_logic.go:34.16,36.3 1 0
github.com/kweaver-ai/dsg/services/apps/standardization-backend/api/internal/logic/dict/delete_dict_logic.go:39.2,39.65 1 0
github.com/kweaver-ai/dsg/services/apps/standardization-backend/api/internal/logic/dict/delete_dict_logic.go:39.65,42.3 2 0
github.com/kweaver-ai/dsg/services/apps/standardization-backend/api/internal/logic/dict/delete_dict_logic.go:45.2,45.77 1 0
github.com/kweaver-ai/dsg/services/apps/standardization-backend/api/internal/logic/dict/delete_dict_logic.go:45.77,48.3 1 0
github.com/kweaver-ai/dsg/services/apps/standardization-backend/api/internal/logic/dict/delete_dict_logic.go:51.2,51.85 1 0
github.com/kweaver-ai/dsg/services/apps/standardization-backend/api/internal/logic/dict/delete_dict_logic.go:51.85,54.3 1 0
github.com/kweaver-ai/dsg/services/apps/standardization-backend/api/internal/logic/dict/delete_dict_logic.go:56.2,57.73 2 0
github.com/kweaver-ai/dsg/services/apps/standardization-backend/api/internal/logic/dict/get_dict_by_code_logic.go:24.97,30.2 1 0
github.com/kweaver-ai/dsg/services/apps/standardization-backend/api/internal/logic/dict/get_dict_by_code_logic.go:32.94,35.16 2 0
github.com/kweaver-ai/dsg/services/apps/standardization-backend/api/internal/logic/dict/get_dict_by_code_logic.go:35.16,37.3 1 0
github.com/kweaver-ai/dsg/services/apps/standardization-backend/api/internal/logic/dict/get_dict_by_code_logic.go:40.2,41.16 2 0
github.com/kweaver-ai/dsg/services/apps/standardization-backend/api/internal/logic/dict/get_dict_by_code_logic.go:41.16,44.3 2 0
github.com/kweaver-ai/dsg/services/apps/standardization-backend/api/internal/logic/dict/get_dict_by_code_logic.go:47.2,58.21 6 0
github.com/kweaver-ai/dsg/services/apps/standardization-backend/api/internal/logic/dict/get_dict_enum_list_logic.go:23.101,29.2 1 0
github.com/kweaver-ai/dsg/services/apps/standardization-backend/api/internal/logic/dict/get_dict_enum_list_logic.go:31.116,33.21 1 0
github.com/kweaver-ai/dsg/services/apps/standardization-backend/api/internal/logic/dict/get_dict_enum_list_logic.go:33.21,35.3 1 0
github.com/kweaver-ai/dsg/services/apps/standardization-backend/api/internal/logic/dict/get_dict_enum_list_logic.go:38.2,39.16 2 0
github.com/kweaver-ai/dsg/services/apps/standardization-backend/api/internal/logic/dict/get_dict_enum_list_logic.go:39.16,41.3 1 0
github.com/kweaver-ai/dsg/services/apps/standardization-backend/api/internal/logic/dict/get_dict_enum_list_logic.go:42.2,46.16 3 0
github.com/kweaver-ai/dsg/services/apps/standardization-backend/api/internal/logic/dict/get_dict_enum_list_logic.go:46.16,49.3 2 0
github.com/kweaver-ai/dsg/services/apps/standardization-backend/api/internal/logic/dict/get_dict_enum_list_logic.go:52.2,53.29 2 0
github.com/kweaver-ai/dsg/services/apps/standardization-backend/api/internal/logic/dict/get_dict_enum_list_logic.go:53.29,59.3 1 0
github.com/kweaver-ai/dsg/services/apps/standardization-backend/api/internal/logic/dict/get_dict_enum_list_logic.go:61.2,62.20 2 0
github.com/kweaver-ai/dsg/services/apps/standardization-backend/api/internal/logic/dict/get_dict_logic.go:24.85,30.2 1 0
github.com/kweaver-ai/dsg/services/apps/standardization-backend/api/internal/logic/dict/get_dict_logic.go:32.82,35.16 2 0
github.com/kweaver-ai/dsg/services/apps/standardization-backend/api/internal/logic/dict/get_dict_logic.go:35.16,37.3 1 0
github.com/kweaver-ai/dsg/services/apps/standardization-backend/api/internal/logic/dict/get_dict_logic.go:40.2,41.16 2 0
github.com/kweaver-ai/dsg/services/apps/standardization-backend/api/internal/logic/dict/get_dict_logic.go:41.16,44.3 2 0
github.com/kweaver-ai/dsg/services/apps/standardization-backend/api/internal/logic/dict/get_dict_logic.go:47.2,57.21 5 0
github.com/kweaver-ai/dsg/services/apps/standardization-backend/api/internal/logic/dict/list_dict_enum_logic.go:23.95,29.2 1 0
github.com/kweaver-ai/dsg/services/apps/standardization-backend/api/internal/logic/dict/list_dict_enum_logic.go:31.118,33.21 1 0
github.com/kweaver-ai/dsg/services/apps/standardization-backend/api/internal/logic/dict/list_dict_enum_logic.go:33.21,35.3 1 0
github.com/kweaver-ai/dsg/services/apps/standardization-backend/api/internal/logic/dict/list_dict_enum_logic.go:38.2,39.16 2 0
github.com/kweaver-ai/dsg/services/apps/standardization-backend/api/internal/logic/dict/list_dict_enum_logic.go:39.16,41.3 1 0
github.com/kweaver-ai/dsg/services/apps/standardization-backend/api/internal/logic/dict/list_dict_enum_logic.go:42.2,52.16 3 0
github.com/kweaver-ai/dsg/services/apps/standardization-backend/api/internal/logic/dict/list_dict_enum_logic.go:52.16,55.3 2 0
github.com/kweaver-ai/dsg/services/apps/standardization-backend/api/internal/logic/dict/list_dict_enum_logic.go:58.2,59.29 2 0
github.com/kweaver-ai/dsg/services/apps/standardization-backend/api/internal/logic/dict/list_dict_enum_logic.go:59.29,65.3 1 0
github.com/kweaver-ai/dsg/services/apps/standardization-backend/api/internal/logic/dict/list_dict_enum_logic.go:67.2,71.8 2 0
github.com/kweaver-ai/dsg/services/apps/standardization-backend/api/internal/logic/dict/list_dict_logic.go:24.87,30.2 1 0
github.com/kweaver-ai/dsg/services/apps/standardization-backend/api/internal/logic/dict/list_dict_logic.go:32.102,42.23 2 0
github.com/kweaver-ai/dsg/services/apps/standardization-backend/api/internal/logic/dict/list_dict_logic.go:42.23,44.3 1 0
github.com/kweaver-ai/dsg/services/apps/standardization-backend/api/internal/logic/dict/list_dict_logic.go:46.2,46.22 1 0
github.com/kweaver-ai/dsg/services/apps/standardization-backend/api/internal/logic/dict/list_dict_logic.go:46.22,48.3 1 0
github.com/kweaver-ai/dsg/services/apps/standardization-backend/api/internal/logic/dict/list_dict_logic.go:50.2,50.21 1 0
github.com/kweaver-ai/dsg/services/apps/standardization-backend/api/internal/logic/dict/list_dict_logic.go:50.21,53.3 2 0
github.com/kweaver-ai/dsg/services/apps/standardization-backend/api/internal/logic/dict/list_dict_logic.go:55.2,55.23 1 0
github.com/kweaver-ai/dsg/services/apps/standardization-backend/api/internal/logic/dict/list_dict_logic.go:55.23,57.3 1 0
github.com/kweaver-ai/dsg/services/apps/standardization-backend/api/internal/logic/dict/list_dict_logic.go:59.2,59.28 1 0
github.com/kweaver-ai/dsg/services/apps/standardization-backend/api/internal/logic/dict/list_dict_logic.go:59.28,61.3 1 0
github.com/kweaver-ai/dsg/services/apps/standardization-backend/api/internal/logic/dict/list_dict_logic.go:64.2,65.16 2 0
github.com/kweaver-ai/dsg/services/apps/standardization-backend/api/internal/logic/dict/list_dict_logic.go:65.16,68.3 2 0
github.com/kweaver-ai/dsg/services/apps/standardization-backend/api/internal/logic/dict/list_dict_logic.go:71.2,72.29 2 0
github.com/kweaver-ai/dsg/services/apps/standardization-backend/api/internal/logic/dict/list_dict_logic.go:72.29,81.3 5 0
github.com/kweaver-ai/dsg/services/apps/standardization-backend/api/internal/logic/dict/list_dict_logic.go:83.2,86.8 1 0
github.com/kweaver-ai/dsg/services/apps/standardization-backend/api/internal/logic/dict/query_dict_by_data_element_logic.go:22.115,28.2 1 0
github.com/kweaver-ai/dsg/services/apps/standardization-backend/api/internal/logic/dict/query_dict_by_data_element_logic.go:30.137,41.2 2 0
github.com/kweaver-ai/dsg/services/apps/standardization-backend/api/internal/logic/dict/query_dict_by_std_file_catalog_logic.go:22.121,28.2 1 0
github.com/kweaver-ai/dsg/services/apps/standardization-backend/api/internal/logic/dict/query_dict_by_std_file_catalog_logic.go:30.151,41.2 2 0
github.com/kweaver-ai/dsg/services/apps/standardization-backend/api/internal/logic/dict/query_dict_by_std_file_logic.go:23.107,29.2 1 0
github.com/kweaver-ai/dsg/services/apps/standardization-backend/api/internal/logic/dict/query_dict_by_std_file_logic.go:31.130,33.21 1 0
github.com/kweaver-ai/dsg/services/apps/standardization-backend/api/internal/logic/dict/query_dict_by_std_file_logic.go:33.21,35.3 1 0
github.com/kweaver-ai/dsg/services/apps/standardization-backend/api/internal/logic/dict/query_dict_by_std_file_logic.go:38.2,39.16 2 0
github.com/kweaver-ai/dsg/services/apps/standardization-backend/api/internal/logic/dict/query_dict_by_std_file_logic.go:39.16,42.3 2 0
github.com/kweaver-ai/dsg/services/apps/standardization-backend/api/internal/logic/dict/query_dict_by_std_file_logic.go:45.2,46.29 2 0
github.com/kweaver-ai/dsg/services/apps/standardization-backend/api/internal/logic/dict/query_dict_by_std_file_logic.go:46.29,52.3 4 0
github.com/kweaver-ai/dsg/services/apps/standardization-backend/api/internal/logic/dict/query_dict_by_std_file_logic.go:54.2,58.8 2 0
github.com/kweaver-ai/dsg/services/apps/standardization-backend/api/internal/logic/dict/query_dict_data_exists_logic.go:24.109,30.2 1 0
github.com/kweaver-ai/dsg/services/apps/standardization-backend/api/internal/logic/dict/query_dict_data_exists_logic.go:32.131,34.22 1 0
github.com/kweaver-ai/dsg/services/apps/standardization-backend/api/internal/logic/dict/query_dict_data_exists_logic.go:34.22,36.3 1 0
github.com/kweaver-ai/dsg/services/apps/standardization-backend/api/internal/logic/dict/query_dict_data_exists_logic.go:40.2,41.22 2 0
github.com/kweaver-ai/dsg/services/apps/standardization-backend/api/internal/logic/dict/query_dict_data_exists_logic.go:41.22,43.3 1 0
github.com/kweaver-ai/dsg/services/apps/standardization-backend/api/internal/logic/dict/query_dict_data_exists_logic.go:43.8,43.29 1 0
github.com/kweaver-ai/dsg/services/apps/standardization-backend/api/internal/logic/dict/query_dict_data_exists_logic.go:43.29,45.3 1 0
github.com/kweaver-ai/dsg/services/apps/standardization-backend/api/internal/logic/dict/query_dict_data_exists_logic.go:47.2,57.16 4 0
github.com/kweaver-ai/dsg/services/apps/standardization-backend/api/internal/logic/dict/query_dict_data_exists_logic.go:57.16,60.3 2 0
github.com/kweaver-ai/dsg/services/apps/standardization-backend/api/internal/logic/dict/query_dict_data_exists_logic.go:62.2,64.51 3 0
github.com/kweaver-ai/dsg/services/apps/standardization-backend/api/internal/logic/dict/query_dict_relation_stdfile_logic.go:22.119,28.2 1 0
github.com/kweaver-ai/dsg/services/apps/standardization-backend/api/internal/logic/dict/query_dict_relation_stdfile_logic.go:30.137,42.2 2 0
github.com/kweaver-ai/dsg/services/apps/standardization-backend/api/internal/logic/dict/update_dict_logic.go:24.91,30.2 1 0
github.com/kweaver-ai/dsg/services/apps/standardization-backend/api/internal/logic/dict/update_dict_logic.go:32.106,35.16 2 0
github.com/kweaver-ai/dsg/services/apps/standardization-backend/api/internal/logic/dict/update_dict_logic.go:35.16,37.3 1 0
github.com/kweaver-ai/dsg/services/apps/standardization-backend/api/internal/logic/dict/update_dict_logic.go:41.2,41.34 1 0
github.com/kweaver-ai/dsg/services/apps/standardization-backend/api/internal/logic/dict/update_dict_logic.go:41.34,42.103 1 0
github.com/kweaver-ai/dsg/services/apps/standardization-backend/api/internal/logic/dict/update_dict_logic.go:42.103,44.4 1 0
github.com/kweaver-ai/dsg/services/apps/standardization-backend/api/internal/logic/dict/update_dict_logic.go:48.2,48.34 1 0
github.com/kweaver-ai/dsg/services/apps/standardization-backend/api/internal/logic/dict/update_dict_logic.go:48.34,49.103 1 0
github.com/kweaver-ai/dsg/services/apps/standardization-backend/api/internal/logic/dict/update_dict_logic.go:49.103,51.4 1 0
github.com/kweaver-ai/dsg/services/apps/standardization-backend/api/internal/logic/dict/update_dict_logic.go:55.2,55.56 1 0
github.com/kweaver-ai/dsg/services/apps/standardization-backend/api/internal/logic/dict/update_dict_logic.go:55.56,57.3 1 0
github.com/kweaver-ai/dsg/services/apps/standardization-backend/api/internal/logic/dict/update_dict_logic.go:60.2,81.23 4 0
github.com/kweaver-ai/dsg/services/apps/standardization-backend/api/internal/logic/dict/update_dict_logic.go:81.23,83.3 1 0
github.com/kweaver-ai/dsg/services/apps/standardization-backend/api/internal/logic/dict/update_dict_logic.go:86.2,86.67 1 0
github.com/kweaver-ai/dsg/services/apps/standardization-backend/api/internal/logic/dict/update_dict_logic.go:86.67,89.3 2 0
github.com/kweaver-ai/dsg/services/apps/standardization-backend/api/internal/logic/dict/update_dict_logic.go:92.2,92.73 1 0
github.com/kweaver-ai/dsg/services/apps/standardization-backend/api/internal/logic/dict/update_dict_logic.go:92.73,94.3 1 0
github.com/kweaver-ai/dsg/services/apps/standardization-backend/api/internal/logic/dict/update_dict_logic.go:95.2,95.33 1 0
github.com/kweaver-ai/dsg/services/apps/standardization-backend/api/internal/logic/dict/update_dict_logic.go:95.33,102.75 2 0
github.com/kweaver-ai/dsg/services/apps/standardization-backend/api/internal/logic/dict/update_dict_logic.go:102.75,104.4 1 0
github.com/kweaver-ai/dsg/services/apps/standardization-backend/api/internal/logic/dict/update_dict_logic.go:108.2,108.81 1 0
github.com/kweaver-ai/dsg/services/apps/standardization-backend/api/internal/logic/dict/update_dict_logic.go:108.81,110.3 1 0
github.com/kweaver-ai/dsg/services/apps/standardization-backend/api/internal/logic/dict/update_dict_logic.go:111.2,111.27 1 0
github.com/kweaver-ai/dsg/services/apps/standardization-backend/api/internal/logic/dict/update_dict_logic.go:111.27,113.39 2 0
github.com/kweaver-ai/dsg/services/apps/standardization-backend/api/internal/logic/dict/update_dict_logic.go:113.39,119.4 1 0
github.com/kweaver-ai/dsg/services/apps/standardization-backend/api/internal/logic/dict/update_dict_logic.go:120.3,120.86 1 0
github.com/kweaver-ai/dsg/services/apps/standardization-backend/api/internal/logic/dict/update_dict_logic.go:120.86,122.4 1 0
github.com/kweaver-ai/dsg/services/apps/standardization-backend/api/internal/logic/dict/update_dict_logic.go:126.2,133.21 6 0
github.com/kweaver-ai/dsg/services/apps/standardization-backend/api/internal/logic/dict/update_dict_state_logic.go:24.101,30.2 1 0
github.com/kweaver-ai/dsg/services/apps/standardization-backend/api/internal/logic/dict/update_dict_state_logic.go:32.127,35.16 2 0
github.com/kweaver-ai/dsg/services/apps/standardization-backend/api/internal/logic/dict/update_dict_state_logic.go:35.16,37.3 1 0
github.com/kweaver-ai/dsg/services/apps/standardization-backend/api/internal/logic/dict/update_dict_state_logic.go:40.2,40.66 1 0
github.com/kweaver-ai/dsg/services/apps/standardization-backend/api/internal/logic/dict/update_dict_state_logic.go:40.66,42.3 1 0
github.com/kweaver-ai/dsg/services/apps/standardization-backend/api/internal/logic/dict/update_dict_state_logic.go:45.2,46.31 2 0
github.com/kweaver-ai/dsg/services/apps/standardization-backend/api/internal/logic/dict/update_dict_state_logic.go:46.31,48.3 1 0
github.com/kweaver-ai/dsg/services/apps/standardization-backend/api/internal/logic/dict/update_dict_state_logic.go:51.2,70.67 3 0
github.com/kweaver-ai/dsg/services/apps/standardization-backend/api/internal/logic/dict/update_dict_state_logic.go:70.67,73.3 2 0
github.com/kweaver-ai/dsg/services/apps/standardization-backend/api/internal/logic/dict/update_dict_state_logic.go:75.2,76.79 2 0
